<?xml version="1.0" encoding="UTF-8"?>
<!-- Generated by org.testng.reporters.JUnitReportReporter -->
<testsuite hostname="Basavaraj" failures="0" tests="1" name="RunReport.ExtentReport.ExtentreportDemo" time="18.256" errors="0" timestamp="2025-03-06T20:39:44 IST" skipped="0">
  <testcase classname="RunReport.ExtentReport.ExtentreportDemo" name="initialDemo" time="18.256"/>
</testsuite> <!-- RunReport.ExtentReport.ExtentreportDemo -->
